[2026-02-13 19:22:30] [INFO] Worker Analytics avviato correttamente
[2026-02-13 19:25:37] [INFO] Worker fermato manualmente
[2026-02-13 19:25:37] [INFO] Worker terminato. Messaggi: 0, Errori: 0
[2026-02-13 19:25:41] [INFO] Worker Analytics avviato correttamente
[2026-02-13 19:31:02] [INFO] Worker fermato manualmente
[2026-02-13 19:31:02] [INFO] Worker terminato. Messaggi: 0, Errori: 0
[2026-02-13 19:31:08] [INFO] Worker Analytics avviato correttamente
[2026-02-13 19:52:18] [INFO] Worker fermato manualmente
[2026-02-13 19:52:18] [INFO] Worker terminato. Messaggi: 0, Errori: 0
[2026-02-14 12:42:11] [INFO] Worker Analytics avviato correttamente
[2026-02-14 12:54:52] [ERROR] Errore elaborazione messaggio: 'gaze_horizontal'
[2026-02-14 12:58:54] [WARNING] Errore calcolo stress unificato: 'timestamp'
[2026-02-14 12:58:54] [WARNING] Errore calcolo stress unificato: 'timestamp'
[2026-02-14 12:58:54] [WARNING] Errore calcolo stress unificato: 'timestamp'
[2026-02-14 12:58:54] [WARNING] Errore calcolo stress unificato: 'timestamp'
[2026-02-14 12:58:54] [WARNING] Errore calcolo stress unificato: 'timestamp'
[2026-02-14 12:58:54] [WARNING] Errore calcolo stress unificato: 'timestamp'
[2026-02-14 12:58:55] [WARNING] Errore calcolo stress unificato: 'timestamp'
[2026-02-14 12:58:55] [WARNING] Errore calcolo stress unificato: 'timestamp'
[2026-02-14 12:58:55] [WARNING] Errore calcolo stress unificato: 'timestamp'
[2026-02-14 12:58:55] [WARNING] Errore calcolo stress unificato: 'timestamp'
[2026-02-14 12:58:55] [WARNING] Errore calcolo stress unificato: 'timestamp'
[2026-02-14 12:58:55] [WARNING] Errore calcolo metriche estese: 'timestamp'
[2026-02-14 12:58:55] [WARNING] Errore calcolo stress unificato: 'timestamp'
[2026-02-14 12:58:55] [WARNING] Errore calcolo metriche estese: 'timestamp'
[2026-02-14 12:58:55] [WARNING] Errore calcolo stress unificato: 'timestamp'
[2026-02-14 12:58:55] [WARNING] Errore calcolo metriche estese: 'timestamp'
[2026-02-14 12:58:55] [WARNING] Errore calcolo stress unificato: 'timestamp'
[2026-02-14 12:58:55] [WARNING] Errore calcolo metriche estese: 'timestamp'
[2026-02-14 12:58:55] [WARNING] Errore calcolo stress unificato: 'timestamp'
[2026-02-14 12:58:55] [WARNING] Errore calcolo metriche estese: 'timestamp'
[2026-02-14 12:58:55] [WARNING] Errore calcolo stress unificato: 'timestamp'
[2026-02-14 12:58:55] [WARNING] Errore calcolo metriche estese: 'timestamp'
[2026-02-14 12:58:55] [WARNING] Errore calcolo stress unificato: 'timestamp'
[2026-02-14 12:58:55] [WARNING] Errore calcolo metriche estese: 'timestamp'
[2026-02-14 12:58:55] [WARNING] Errore calcolo stress unificato: 'timestamp'
[2026-02-14 12:58:55] [WARNING] Errore calcolo metriche estese: 'timestamp'
[2026-02-14 12:58:55] [WARNING] Errore calcolo stress unificato: 'timestamp'
[2026-02-14 12:58:55] [WARNING] Errore calcolo metriche estese: 'timestamp'
[2026-02-14 12:58:55] [WARNING] Errore calcolo stress unificato: 'timestamp'
[2026-02-14 12:58:55] [WARNING] Errore calcolo metriche estese: 'timestamp'
[2026-02-14 12:58:55] [WARNING] Errore calcolo stress unificato: 'timestamp'
[2026-02-14 12:58:55] [WARNING] Errore calcolo metriche estese: 'timestamp'
[2026-02-14 12:58:55] [WARNING] Errore calcolo stress unificato: 'timestamp'
[2026-02-14 12:58:55] [WARNING] Errore calcolo metriche estese: 'timestamp'
[2026-02-14 12:58:56] [WARNING] Errore calcolo stress unificato: 'timestamp'
[2026-02-14 12:58:56] [WARNING] Errore calcolo metriche estese: 'timestamp'
[2026-02-14 12:58:56] [WARNING] Errore calcolo stress unificato: 'timestamp'
[2026-02-14 12:58:56] [WARNING] Errore calcolo metriche estese: 'timestamp'
[2026-02-14 12:58:56] [WARNING] Errore calcolo stress unificato: 'timestamp'
[2026-02-14 12:58:56] [WARNING] Errore calcolo metriche estese: 'timestamp'
[2026-02-14 12:58:56] [WARNING] Errore calcolo stress unificato: 'timestamp'
[2026-02-14 12:58:56] [WARNING] Errore calcolo metriche estese: 'timestamp'
[2026-02-14 12:58:56] [WARNING] Errore calcolo stress unificato: 'timestamp'
[2026-02-14 12:58:56] [WARNING] Errore calcolo metriche estese: 'timestamp'
[2026-02-14 12:58:56] [WARNING] Errore calcolo stress unificato: 'timestamp'
[2026-02-14 12:58:56] [WARNING] Errore calcolo metriche estese: 'timestamp'
[2026-02-14 12:58:56] [WARNING] Errore calcolo stress unificato: 'timestamp'
[2026-02-14 12:58:56] [WARNING] Errore calcolo metriche estese: 'timestamp'
[2026-02-14 12:58:56] [WARNING] Errore calcolo stress unificato: 'timestamp'
[2026-02-14 12:58:56] [WARNING] Errore calcolo metriche estese: 'timestamp'
[2026-02-14 12:58:56] [WARNING] Errore calcolo stress unificato: 'timestamp'
[2026-02-14 12:58:56] [WARNING] Errore calcolo metriche estese: 'timestamp'
[2026-02-14 12:58:56] [WARNING] Errore calcolo stress unificato: 'timestamp'
[2026-02-14 12:58:56] [WARNING] Errore calcolo metriche estese: 'timestamp'
[2026-02-14 12:58:56] [WARNING] Errore calcolo stress unificato: 'timestamp'
[2026-02-14 12:58:56] [WARNING] Errore calcolo metriche estese: 'timestamp'
[2026-02-14 12:58:56] [WARNING] Errore calcolo stress unificato: 'timestamp'
[2026-02-14 12:58:56] [WARNING] Errore calcolo metriche estese: 'timestamp'
[2026-02-14 12:58:56] [WARNING] Errore calcolo stress unificato: 'timestamp'
[2026-02-14 12:58:56] [WARNING] Errore calcolo metriche estese: 'timestamp'
[2026-02-14 12:58:56] [WARNING] Errore calcolo stress unificato: 'timestamp'
[2026-02-14 12:58:56] [WARNING] Errore calcolo metriche estese: 'timestamp'
[2026-02-14 12:58:56] [WARNING] Errore calcolo stress unificato: 'timestamp'
[2026-02-14 12:58:56] [WARNING] Errore calcolo metriche estese: 'timestamp'
[2026-02-14 12:58:57] [WARNING] Errore calcolo stress unificato: 'timestamp'
[2026-02-14 12:58:57] [WARNING] Errore calcolo metriche estese: 'timestamp'
[2026-02-14 12:58:57] [WARNING] Errore calcolo stress unificato: 'timestamp'
[2026-02-14 12:58:57] [WARNING] Errore calcolo metriche estese: 'timestamp'
[2026-02-14 12:58:57] [WARNING] Errore calcolo stress unificato: 'timestamp'
[2026-02-14 12:58:57] [WARNING] Errore calcolo metriche estese: 'timestamp'
[2026-02-14 12:58:57] [WARNING] Errore calcolo stress unificato: 'timestamp'
[2026-02-14 12:58:57] [WARNING] Errore calcolo metriche estese: 'timestamp'
[2026-02-14 12:58:57] [WARNING] Errore calcolo stress unificato: 'timestamp'
[2026-02-14 12:58:57] [WARNING] Errore calcolo metriche estese: 'timestamp'
[2026-02-14 12:58:57] [WARNING] Errore calcolo stress unificato: 'timestamp'
[2026-02-14 12:58:57] [WARNING] Errore calcolo metriche estese: 'timestamp'
[2026-02-14 12:58:57] [WARNING] Errore calcolo stress unificato: 'timestamp'
[2026-02-14 12:58:57] [WARNING] Errore calcolo metriche estese: 'timestamp'
[2026-02-14 12:58:57] [WARNING] Errore calcolo stress unificato: 'timestamp'
[2026-02-14 12:58:57] [WARNING] Errore calcolo metriche estese: 'timestamp'
[2026-02-14 12:58:57] [WARNING] Errore calcolo stress unificato: 'timestamp'
[2026-02-14 12:58:57] [WARNING] Errore calcolo metriche estese: 'timestamp'
[2026-02-14 12:58:57] [WARNING] Errore calcolo stress unificato: 'timestamp'
[2026-02-14 12:58:57] [WARNING] Errore calcolo metriche estese: 'timestamp'
[2026-02-14 12:58:57] [WARNING] Errore calcolo stress unificato: 'timestamp'
[2026-02-14 12:58:57] [WARNING] Errore calcolo metriche estese: 'timestamp'
[2026-02-14 12:58:57] [WARNING] Errore calcolo stress unificato: 'timestamp'
[2026-02-14 12:58:57] [WARNING] Errore calcolo metriche estese: 'timestamp'
[2026-02-14 12:58:57] [WARNING] Errore calcolo stress unificato: 'timestamp'
[2026-02-14 12:58:57] [WARNING] Errore calcolo metriche estese: 'timestamp'
[2026-02-14 12:58:57] [WARNING] Errore calcolo stress unificato: 'timestamp'
[2026-02-14 12:58:57] [WARNING] Errore calcolo metriche estese: 'timestamp'
[2026-02-14 12:58:57] [WARNING] Errore calcolo stress unificato: 'timestamp'
[2026-02-14 12:58:57] [WARNING] Errore calcolo metriche estese: 'timestamp'
[2026-02-14 12:58:57] [WARNING] Errore calcolo stress unificato: 'timestamp'
[2026-02-14 12:58:57] [WARNING] Errore calcolo metriche estese: 'timestamp'
[2026-02-14 12:58:58] [WARNING] Errore calcolo stress unificato: 'timestamp'
[2026-02-14 12:58:58] [WARNING] Errore calcolo metriche estese: 'timestamp'
[2026-02-14 12:58:58] [WARNING] Errore calcolo stress unificato: 'timestamp'
[2026-02-14 12:58:58] [WARNING] Errore calcolo metriche estese: 'timestamp'
[2026-02-14 12:58:58] [WARNING] Errore calcolo stress unificato: 'timestamp'
[2026-02-14 12:58:58] [WARNING] Errore calcolo metriche estese: 'timestamp'
[2026-02-14 12:58:58] [WARNING] Errore calcolo stress unificato: 'timestamp'
[2026-02-14 12:58:58] [WARNING] Errore calcolo metriche estese: 'timestamp'
[2026-02-14 12:58:58] [WARNING] Errore calcolo stress unificato: 'timestamp'
[2026-02-14 12:58:58] [WARNING] Errore calcolo metriche estese: 'timestamp'
[2026-02-14 12:58:58] [WARNING] Errore calcolo stress unificato: 'timestamp'
[2026-02-14 12:58:58] [WARNING] Errore calcolo metriche estese: 'timestamp'
[2026-02-14 12:58:58] [WARNING] Errore calcolo stress unificato: 'timestamp'
[2026-02-14 12:58:58] [WARNING] Errore calcolo metriche estese: 'timestamp'
[2026-02-14 12:58:58] [WARNING] Errore calcolo stress unificato: 'timestamp'
[2026-02-14 12:58:58] [WARNING] Errore calcolo metriche estese: 'timestamp'
[2026-02-14 12:58:58] [WARNING] Errore calcolo stress unificato: 'timestamp'
[2026-02-14 12:58:58] [WARNING] Errore calcolo metriche estese: 'timestamp'
[2026-02-14 12:58:58] [WARNING] Errore calcolo stress unificato: 'timestamp'
[2026-02-14 12:58:58] [WARNING] Errore calcolo metriche estese: 'timestamp'
[2026-02-14 12:58:58] [WARNING] Errore calcolo stress unificato: 'timestamp'
[2026-02-14 12:58:58] [WARNING] Errore calcolo metriche estese: 'timestamp'
[2026-02-14 12:58:58] [WARNING] Errore calcolo stress unificato: 'timestamp'
[2026-02-14 12:58:58] [WARNING] Errore calcolo metriche estese: 'timestamp'
[2026-02-14 12:58:58] [WARNING] Errore calcolo stress unificato: 'timestamp'
[2026-02-14 12:58:58] [WARNING] Errore calcolo metriche estese: 'timestamp'
[2026-02-14 12:58:58] [WARNING] Errore calcolo stress unificato: 'timestamp'
[2026-02-14 12:58:58] [WARNING] Errore calcolo metriche estese: 'timestamp'
[2026-02-14 12:58:58] [WARNING] Errore calcolo stress unificato: 'timestamp'
[2026-02-14 12:58:58] [WARNING] Errore calcolo metriche estese: 'timestamp'
[2026-02-14 12:58:58] [WARNING] Errore calcolo stress unificato: 'timestamp'
[2026-02-14 12:58:58] [WARNING] Errore calcolo metriche estese: 'timestamp'
[2026-02-14 12:58:58] [WARNING] Errore calcolo stress unificato: 'timestamp'
[2026-02-14 12:58:58] [WARNING] Errore calcolo metriche estese: 'timestamp'
[2026-02-14 12:58:58] [WARNING] Errore calcolo stress unificato: 'timestamp'
[2026-02-14 12:58:58] [WARNING] Errore calcolo metriche estese: 'timestamp'
[2026-02-14 12:58:59] [WARNING] Errore calcolo stress unificato: 'timestamp'
[2026-02-14 12:58:59] [WARNING] Errore calcolo metriche estese: 'timestamp'
[2026-02-14 12:58:59] [WARNING] Errore calcolo stress unificato: 'timestamp'
[2026-02-14 12:58:59] [WARNING] Errore calcolo metriche estese: 'timestamp'
[2026-02-14 12:58:59] [WARNING] Errore calcolo stress unificato: 'timestamp'
[2026-02-14 12:58:59] [WARNING] Errore calcolo metriche estese: 'timestamp'
[2026-02-14 12:58:59] [WARNING] Errore calcolo stress unificato: 'timestamp'
[2026-02-14 12:58:59] [WARNING] Errore calcolo metriche estese: 'timestamp'
[2026-02-14 12:58:59] [WARNING] Errore calcolo stress unificato: 'timestamp'
[2026-02-14 12:58:59] [WARNING] Errore calcolo metriche estese: 'timestamp'
[2026-02-14 12:58:59] [WARNING] Errore calcolo stress unificato: 'timestamp'
[2026-02-14 12:58:59] [WARNING] Errore calcolo metriche estese: 'timestamp'
[2026-02-14 12:58:59] [WARNING] Errore calcolo stress unificato: 'timestamp'
[2026-02-14 12:58:59] [WARNING] Errore calcolo metriche estese: 'timestamp'
[2026-02-14 12:58:59] [WARNING] Errore calcolo stress unificato: 'timestamp'
[2026-02-14 12:58:59] [WARNING] Errore calcolo metriche estese: 'timestamp'
[2026-02-14 12:58:59] [WARNING] Errore calcolo stress unificato: 'timestamp'
[2026-02-14 12:58:59] [WARNING] Errore calcolo metriche estese: 'timestamp'
[2026-02-14 12:58:59] [WARNING] Errore calcolo stress unificato: 'timestamp'
[2026-02-14 12:58:59] [WARNING] Errore calcolo metriche estese: 'timestamp'
[2026-02-14 12:58:59] [WARNING] Errore calcolo stress unificato: 'timestamp'
[2026-02-14 12:58:59] [WARNING] Errore calcolo metriche estese: 'timestamp'
[2026-02-14 12:58:59] [WARNING] Errore calcolo stress unificato: 'timestamp'
[2026-02-14 12:58:59] [WARNING] Errore calcolo metriche estese: 'timestamp'
[2026-02-14 12:58:59] [WARNING] Errore calcolo stress unificato: 'timestamp'
[2026-02-14 12:58:59] [WARNING] Errore calcolo metriche estese: 'timestamp'
[2026-02-14 12:58:59] [WARNING] Errore calcolo stress unificato: 'timestamp'
[2026-02-14 12:58:59] [WARNING] Errore calcolo metriche estese: 'timestamp'
[2026-02-14 12:58:59] [WARNING] Errore calcolo stress unificato: 'timestamp'
[2026-02-14 12:58:59] [WARNING] Errore calcolo metriche estese: 'timestamp'
[2026-02-14 12:59:00] [WARNING] Errore calcolo stress unificato: 'timestamp'
[2026-02-14 12:59:00] [WARNING] Errore calcolo metriche estese: 'timestamp'
[2026-02-14 12:59:00] [WARNING] Errore calcolo stress unificato: 'timestamp'
[2026-02-14 12:59:00] [WARNING] Errore calcolo metriche estese: 'timestamp'
[2026-02-14 12:59:00] [WARNING] Errore calcolo stress unificato: 'timestamp'
[2026-02-14 12:59:00] [WARNING] Errore calcolo metriche estese: 'timestamp'
[2026-02-14 12:59:00] [WARNING] Errore calcolo stress unificato: 'timestamp'
[2026-02-14 12:59:00] [WARNING] Errore calcolo metriche estese: 'timestamp'
[2026-02-14 12:59:00] [WARNING] Errore calcolo stress unificato: 'timestamp'
[2026-02-14 12:59:00] [WARNING] Errore calcolo metriche estese: 'timestamp'
[2026-02-14 12:59:00] [DEBUG] [100] Blink: 0 | Stress: 1 | Parlato: False | Buffer: 100
[2026-02-14 12:59:00] [WARNING] Errore calcolo stress unificato: 'timestamp'
[2026-02-14 12:59:00] [WARNING] Errore calcolo metriche estese: 'timestamp'
[2026-02-14 12:59:00] [WARNING] Errore calcolo stress unificato: 'timestamp'
[2026-02-14 12:59:00] [WARNING] Errore calcolo metriche estese: 'timestamp'
[2026-02-14 12:59:00] [WARNING] Errore calcolo stress unificato: 'timestamp'
[2026-02-14 12:59:00] [WARNING] Errore calcolo metriche estese: 'timestamp'
[2026-02-14 12:59:00] [WARNING] Errore calcolo stress unificato: 'timestamp'
[2026-02-14 12:59:00] [WARNING] Errore calcolo metriche estese: 'timestamp'
[2026-02-14 12:59:00] [WARNING] Errore calcolo stress unificato: 'timestamp'
[2026-02-14 12:59:00] [WARNING] Errore calcolo metriche estese: 'timestamp'
[2026-02-14 12:59:00] [WARNING] Errore calcolo stress unificato: 'timestamp'
[2026-02-14 12:59:00] [WARNING] Errore calcolo metriche estese: 'timestamp'
[2026-02-14 12:59:00] [WARNING] Errore calcolo stress unificato: 'timestamp'
[2026-02-14 12:59:00] [WARNING] Errore calcolo metriche estese: 'timestamp'
[2026-02-14 12:59:00] [WARNING] Errore calcolo stress unificato: 'timestamp'
[2026-02-14 12:59:00] [WARNING] Errore calcolo metriche estese: 'timestamp'
[2026-02-14 12:59:00] [WARNING] Errore calcolo stress unificato: 'timestamp'
[2026-02-14 12:59:00] [WARNING] Errore calcolo metriche estese: 'timestamp'
[2026-02-14 12:59:00] [WARNING] Errore calcolo stress unificato: 'timestamp'
[2026-02-14 12:59:00] [WARNING] Errore calcolo metriche estese: 'timestamp'
[2026-02-14 12:59:00] [WARNING] Errore calcolo stress unificato: 'timestamp'
[2026-02-14 12:59:00] [WARNING] Errore calcolo metriche estese: 'timestamp'
[2026-02-14 12:59:01] [WARNING] Errore calcolo stress unificato: 'timestamp'
[2026-02-14 12:59:01] [WARNING] Errore calcolo metriche estese: 'timestamp'
[2026-02-14 13:00:58] [WARNING] Errore calcolo stress unificato: 'timestamp'
[2026-02-14 13:00:58] [WARNING] Errore calcolo metriche estese: 'timestamp'
[2026-02-14 13:00:58] [WARNING] Errore calcolo stress unificato: 'timestamp'
[2026-02-14 13:00:58] [WARNING] Errore calcolo metriche estese: 'timestamp'
[2026-02-14 13:00:59] [WARNING] Errore calcolo stress unificato: 'timestamp'
[2026-02-14 13:00:59] [WARNING] Errore calcolo metriche estese: 'timestamp'
[2026-02-14 13:00:59] [WARNING] Errore calcolo stress unificato: 'timestamp'
[2026-02-14 13:00:59] [WARNING] Errore calcolo metriche estese: 'timestamp'
[2026-02-14 13:00:59] [WARNING] Errore calcolo stress unificato: 'timestamp'
[2026-02-14 13:00:59] [WARNING] Errore calcolo metriche estese: 'timestamp'
[2026-02-14 13:00:59] [WARNING] Errore calcolo stress unificato: 'timestamp'
[2026-02-14 13:00:59] [WARNING] Errore calcolo metriche estese: 'timestamp'
[2026-02-14 13:00:59] [WARNING] Errore calcolo stress unificato: 'timestamp'
[2026-02-14 13:00:59] [WARNING] Errore calcolo metriche estese: 'timestamp'
[2026-02-14 13:00:59] [WARNING] Errore calcolo stress unificato: 'timestamp'
[2026-02-14 13:00:59] [WARNING] Errore calcolo metriche estese: 'timestamp'
[2026-02-14 13:00:59] [WARNING] Errore calcolo stress unificato: 'timestamp'
[2026-02-14 13:00:59] [WARNING] Errore calcolo metriche estese: 'timestamp'
[2026-02-14 13:00:59] [WARNING] Errore calcolo stress unificato: 'timestamp'
[2026-02-14 13:00:59] [WARNING] Errore calcolo metriche estese: 'timestamp'
[2026-02-14 13:00:59] [WARNING] Errore calcolo stress unificato: 'timestamp'
[2026-02-14 13:00:59] [WARNING] Errore calcolo metriche estese: 'timestamp'
[2026-02-14 13:00:59] [WARNING] Errore calcolo stress unificato: 'timestamp'
[2026-02-14 13:00:59] [WARNING] Errore calcolo metriche estese: 'timestamp'
[2026-02-14 13:00:59] [WARNING] Errore calcolo stress unificato: 'timestamp'
[2026-02-14 13:00:59] [WARNING] Errore calcolo metriche estese: 'timestamp'
[2026-02-14 13:00:59] [WARNING] Errore calcolo stress unificato: 'timestamp'
[2026-02-14 13:00:59] [WARNING] Errore calcolo metriche estese: 'timestamp'
[2026-02-14 13:00:59] [WARNING] Errore calcolo stress unificato: 'timestamp'
[2026-02-14 13:00:59] [WARNING] Errore calcolo metriche estese: 'timestamp'
[2026-02-14 13:00:59] [WARNING] Errore calcolo stress unificato: 'timestamp'
[2026-02-14 13:00:59] [WARNING] Errore calcolo metriche estese: 'timestamp'
[2026-02-14 13:00:59] [WARNING] Errore calcolo stress unificato: 'timestamp'
[2026-02-14 13:00:59] [WARNING] Errore calcolo metriche estese: 'timestamp'
[2026-02-14 13:00:59] [WARNING] Errore calcolo stress unificato: 'timestamp'
[2026-02-14 13:00:59] [WARNING] Errore calcolo metriche estese: 'timestamp'
[2026-02-14 13:00:59] [WARNING] Errore calcolo stress unificato: 'timestamp'
[2026-02-14 13:00:59] [WARNING] Errore calcolo metriche estese: 'timestamp'
[2026-02-14 13:01:00] [WARNING] Errore calcolo stress unificato: 'timestamp'
[2026-02-14 13:01:00] [WARNING] Errore calcolo metriche estese: 'timestamp'
[2026-02-14 13:01:00] [WARNING] Errore calcolo stress unificato: 'timestamp'
[2026-02-14 13:01:00] [WARNING] Errore calcolo metriche estese: 'timestamp'
[2026-02-14 13:01:00] [WARNING] Errore calcolo stress unificato: 'timestamp'
[2026-02-14 13:01:00] [WARNING] Errore calcolo metriche estese: 'timestamp'
[2026-02-14 13:01:00] [WARNING] Errore calcolo stress unificato: 'timestamp'
[2026-02-14 13:01:00] [WARNING] Errore calcolo metriche estese: 'timestamp'
[2026-02-14 13:01:00] [WARNING] Errore calcolo stress unificato: 'timestamp'
[2026-02-14 13:01:00] [WARNING] Errore calcolo metriche estese: 'timestamp'
[2026-02-14 13:01:00] [WARNING] Errore calcolo stress unificato: 'timestamp'
[2026-02-14 13:01:00] [WARNING] Errore calcolo metriche estese: 'timestamp'
[2026-02-14 13:01:00] [WARNING] Errore calcolo stress unificato: 'timestamp'
[2026-02-14 13:01:00] [WARNING] Errore calcolo metriche estese: 'timestamp'
[2026-02-14 13:01:00] [WARNING] Errore calcolo stress unificato: 'timestamp'
[2026-02-14 13:01:00] [WARNING] Errore calcolo metriche estese: 'timestamp'
[2026-02-14 13:01:00] [WARNING] Errore calcolo stress unificato: 'timestamp'
[2026-02-14 13:01:00] [WARNING] Errore calcolo metriche estese: 'timestamp'
[2026-02-14 13:01:00] [WARNING] Errore calcolo stress unificato: 'timestamp'
[2026-02-14 13:01:00] [WARNING] Errore calcolo metriche estese: 'timestamp'
[2026-02-14 13:01:00] [WARNING] Errore calcolo stress unificato: 'timestamp'
[2026-02-14 13:01:00] [WARNING] Errore calcolo metriche estese: 'timestamp'
[2026-02-14 13:01:00] [WARNING] Errore calcolo stress unificato: 'timestamp'
[2026-02-14 13:01:00] [WARNING] Errore calcolo metriche estese: 'timestamp'
[2026-02-14 13:01:00] [WARNING] Errore calcolo stress unificato: 'timestamp'
[2026-02-14 13:01:00] [WARNING] Errore calcolo metriche estese: 'timestamp'
[2026-02-14 13:01:00] [WARNING] Errore calcolo stress unificato: 'timestamp'
[2026-02-14 13:01:00] [WARNING] Errore calcolo metriche estese: 'timestamp'
[2026-02-14 13:01:00] [WARNING] Errore calcolo stress unificato: 'timestamp'
[2026-02-14 13:01:00] [WARNING] Errore calcolo metriche estese: 'timestamp'
[2026-02-14 13:01:00] [WARNING] Errore calcolo stress unificato: 'timestamp'
[2026-02-14 13:01:00] [WARNING] Errore calcolo metriche estese: 'timestamp'
[2026-02-14 13:01:01] [WARNING] Errore calcolo stress unificato: 'timestamp'
[2026-02-14 13:01:01] [WARNING] Errore calcolo metriche estese: 'timestamp'
[2026-02-14 13:01:01] [WARNING] Errore calcolo stress unificato: 'timestamp'
[2026-02-14 13:01:01] [WARNING] Errore calcolo metriche estese: 'timestamp'
[2026-02-14 13:01:01] [WARNING] Errore calcolo stress unificato: 'timestamp'
[2026-02-14 13:01:01] [WARNING] Errore calcolo metriche estese: 'timestamp'
[2026-02-14 13:01:01] [WARNING] Errore calcolo stress unificato: 'timestamp'
[2026-02-14 13:01:01] [WARNING] Errore calcolo metriche estese: 'timestamp'
[2026-02-14 13:01:01] [WARNING] Errore calcolo stress unificato: 'timestamp'
[2026-02-14 13:01:01] [WARNING] Errore calcolo metriche estese: 'timestamp'
[2026-02-14 13:01:01] [WARNING] Errore calcolo stress unificato: 'timestamp'
[2026-02-14 13:01:01] [WARNING] Errore calcolo metriche estese: 'timestamp'
[2026-02-14 13:01:01] [WARNING] Errore calcolo stress unificato: 'timestamp'
[2026-02-14 13:01:01] [WARNING] Errore calcolo metriche estese: 'timestamp'
[2026-02-14 13:01:01] [WARNING] Errore calcolo stress unificato: 'timestamp'
[2026-02-14 13:01:01] [WARNING] Errore calcolo metriche estese: 'timestamp'
[2026-02-14 13:01:01] [WARNING] Errore calcolo stress unificato: 'timestamp'
[2026-02-14 13:01:01] [WARNING] Errore calcolo metriche estese: 'timestamp'
[2026-02-14 13:01:01] [WARNING] Errore calcolo stress unificato: 'timestamp'
[2026-02-14 13:01:01] [WARNING] Errore calcolo metriche estese: 'timestamp'
[2026-02-14 13:01:01] [WARNING] Errore calcolo stress unificato: 'timestamp'
[2026-02-14 13:01:01] [WARNING] Errore calcolo metriche estese: 'timestamp'
[2026-02-14 13:01:01] [WARNING] Errore calcolo stress unificato: 'timestamp'
[2026-02-14 13:01:01] [WARNING] Errore calcolo metriche estese: 'timestamp'
[2026-02-14 13:01:01] [WARNING] Errore calcolo stress unificato: 'timestamp'
[2026-02-14 13:01:01] [WARNING] Errore calcolo metriche estese: 'timestamp'
[2026-02-14 13:01:01] [WARNING] Errore calcolo stress unificato: 'timestamp'
[2026-02-14 13:01:01] [WARNING] Errore calcolo metriche estese: 'timestamp'
[2026-02-14 13:01:01] [WARNING] Errore calcolo stress unificato: 'timestamp'
[2026-02-14 13:01:01] [WARNING] Errore calcolo metriche estese: 'timestamp'
[2026-02-14 13:01:02] [WARNING] Errore calcolo stress unificato: 'timestamp'
[2026-02-14 13:01:02] [WARNING] Errore calcolo metriche estese: 'timestamp'
[2026-02-14 13:01:02] [WARNING] Errore calcolo stress unificato: 'timestamp'
[2026-02-14 13:01:02] [WARNING] Errore calcolo metriche estese: 'timestamp'
[2026-02-14 13:01:02] [WARNING] Errore calcolo stress unificato: 'timestamp'
[2026-02-14 13:01:02] [WARNING] Errore calcolo metriche estese: 'timestamp'
[2026-02-14 13:01:02] [WARNING] Errore calcolo stress unificato: 'timestamp'
[2026-02-14 13:01:02] [WARNING] Errore calcolo metriche estese: 'timestamp'
[2026-02-14 13:01:02] [WARNING] Errore calcolo stress unificato: 'timestamp'
[2026-02-14 13:01:02] [WARNING] Errore calcolo metriche estese: 'timestamp'
[2026-02-14 13:01:02] [WARNING] Errore calcolo stress unificato: 'timestamp'
[2026-02-14 13:01:02] [WARNING] Errore calcolo metriche estese: 'timestamp'
[2026-02-14 13:01:02] [WARNING] Errore calcolo stress unificato: 'timestamp'
[2026-02-14 13:01:02] [WARNING] Errore calcolo metriche estese: 'timestamp'
[2026-02-14 13:01:02] [WARNING] Errore calcolo stress unificato: 'timestamp'
[2026-02-14 13:01:02] [WARNING] Errore calcolo metriche estese: 'timestamp'
[2026-02-14 13:01:02] [WARNING] Errore calcolo stress unificato: 'timestamp'
[2026-02-14 13:01:02] [WARNING] Errore calcolo metriche estese: 'timestamp'
[2026-02-14 13:01:02] [WARNING] Errore calcolo stress unificato: 'timestamp'
[2026-02-14 13:01:02] [WARNING] Errore calcolo metriche estese: 'timestamp'
[2026-02-14 13:01:02] [WARNING] Errore calcolo stress unificato: 'timestamp'
[2026-02-14 13:01:02] [WARNING] Errore calcolo metriche estese: 'timestamp'
[2026-02-14 13:01:02] [WARNING] Errore calcolo stress unificato: 'timestamp'
[2026-02-14 13:01:02] [WARNING] Errore calcolo metriche estese: 'timestamp'
[2026-02-14 13:01:02] [WARNING] Errore calcolo stress unificato: 'timestamp'
[2026-02-14 13:01:02] [WARNING] Errore calcolo metriche estese: 'timestamp'
[2026-02-14 13:01:02] [WARNING] Errore calcolo stress unificato: 'timestamp'
[2026-02-14 13:01:02] [WARNING] Errore calcolo metriche estese: 'timestamp'
[2026-02-14 13:01:02] [WARNING] Errore calcolo stress unificato: 'timestamp'
[2026-02-14 13:01:02] [WARNING] Errore calcolo metriche estese: 'timestamp'
[2026-02-14 13:01:02] [WARNING] Errore calcolo stress unificato: 'timestamp'
[2026-02-14 13:01:02] [WARNING] Errore calcolo metriche estese: 'timestamp'
[2026-02-14 13:01:02] [WARNING] Errore calcolo stress unificato: 'timestamp'
[2026-02-14 13:01:02] [WARNING] Errore calcolo metriche estese: 'timestamp'
[2026-02-14 13:01:02] [WARNING] Errore calcolo stress unificato: 'timestamp'
[2026-02-14 13:01:02] [WARNING] Errore calcolo metriche estese: 'timestamp'
[2026-02-14 13:01:03] [WARNING] Errore calcolo stress unificato: 'timestamp'
[2026-02-14 13:01:03] [WARNING] Errore calcolo metriche estese: 'timestamp'
[2026-02-14 13:01:03] [WARNING] Errore calcolo stress unificato: 'timestamp'
[2026-02-14 13:01:03] [WARNING] Errore calcolo metriche estese: 'timestamp'
[2026-02-14 13:01:03] [WARNING] Errore calcolo stress unificato: 'timestamp'
[2026-02-14 13:01:03] [WARNING] Errore calcolo metriche estese: 'timestamp'
[2026-02-14 13:01:03] [WARNING] Errore calcolo stress unificato: 'timestamp'
[2026-02-14 13:01:03] [WARNING] Errore calcolo metriche estese: 'timestamp'
[2026-02-14 13:01:03] [WARNING] Errore calcolo stress unificato: 'timestamp'
[2026-02-14 13:01:03] [WARNING] Errore calcolo metriche estese: 'timestamp'
[2026-02-14 13:01:03] [WARNING] Errore calcolo stress unificato: 'timestamp'
[2026-02-14 13:01:03] [WARNING] Errore calcolo metriche estese: 'timestamp'
[2026-02-14 13:01:03] [WARNING] Errore calcolo stress unificato: 'timestamp'
[2026-02-14 13:01:03] [WARNING] Errore calcolo metriche estese: 'timestamp'
[2026-02-14 13:01:03] [WARNING] Errore calcolo stress unificato: 'timestamp'
[2026-02-14 13:01:03] [WARNING] Errore calcolo metriche estese: 'timestamp'
[2026-02-14 13:01:03] [WARNING] Errore calcolo stress unificato: 'timestamp'
[2026-02-14 13:01:03] [WARNING] Errore calcolo metriche estese: 'timestamp'
[2026-02-14 13:02:44] [INFO] Worker fermato manualmente
[2026-02-14 13:02:44] [INFO] Worker terminato. Messaggi: 189, Errori: 1
[2026-02-14 13:03:13] [INFO] Worker Analytics avviato correttamente
[2026-02-14 13:03:46] [DEBUG] [100] Blink: 0 | Stress: 23 | Parlato: False | Buffer: 100
[2026-02-14 13:03:48] [ERROR] Errore elaborazione messaggio: [WinError 5] Accesso negato: 'dashboard_data.json.tmp' -> 'dashboard_data.json'
[2026-02-14 13:03:54] [DEBUG] [200] Blink: 0 | Stress: 23 | Parlato: False | Buffer: 200
[2026-02-14 13:05:15] [INFO] Worker fermato manualmente
[2026-02-14 13:05:15] [INFO] Worker terminato. Messaggi: 232, Errori: 1
[2026-02-15 14:55:51] [INFO] Worker Analytics avviato correttamente
[2026-02-15 14:56:04] [INFO] Worker fermato manualmente
[2026-02-15 14:56:04] [INFO] Worker terminato. Messaggi: 0, Errori: 0
[2026-02-15 15:00:23] [INFO] Worker Analytics avviato correttamente
[2026-02-15 15:00:54] [DEBUG] [100] Blink: 3 | Stress: 50 | Parlato: True | Buffer: 100
[2026-02-15 15:01:00] [DEBUG] [200] Blink: 7 | Stress: 70 | Parlato: False | Buffer: 200
[2026-02-15 15:01:05] [DEBUG] [300] Blink: 18 | Stress: 80 | Parlato: False | Buffer: 300
[2026-02-15 15:01:39] [DEBUG] [400] Blink: 1 | Stress: 20 | Parlato: True | Buffer: 300
[2026-02-15 15:01:46] [DEBUG] [500] Blink: 2 | Stress: 20 | Parlato: False | Buffer: 300
[2026-02-15 15:01:53] [DEBUG] [600] Blink: 4 | Stress: 8 | Parlato: False | Buffer: 300
[2026-02-15 15:03:28] [ERROR] Errore elaborazione messaggio: [WinError 5] Accesso negato: 'dashboard_data.json.tmp' -> 'dashboard_data.json'
[2026-02-15 15:03:30] [DEBUG] [700] Blink: 1 | Stress: 15 | Parlato: False | Buffer: 300
[2026-02-15 15:03:36] [ERROR] Errore elaborazione messaggio: [WinError 5] Accesso negato: 'dashboard_data.json.tmp' -> 'dashboard_data.json'
[2026-02-15 15:03:38] [DEBUG] [800] Blink: 2 | Stress: 25 | Parlato: True | Buffer: 300
[2026-02-15 15:03:43] [ERROR] Errore elaborazione messaggio: [WinError 5] Accesso negato: 'dashboard_data.json.tmp' -> 'dashboard_data.json'
[2026-02-15 15:03:43] [ERROR] Errore elaborazione messaggio: [WinError 5] Accesso negato: 'dashboard_data.json.tmp' -> 'dashboard_data.json'
[2026-02-15 15:03:46] [DEBUG] [900] Blink: 3 | Stress: 25 | Parlato: True | Buffer: 300
[2026-02-15 15:03:46] [ERROR] Errore elaborazione messaggio: [WinError 5] Accesso negato: 'dashboard_data.json.tmp' -> 'dashboard_data.json'
[2026-02-15 15:03:53] [DEBUG] [1000] Blink: 7 | Stress: 35 | Parlato: True | Buffer: 300
[2026-02-15 15:03:58] [ERROR] Errore elaborazione messaggio: [WinError 5] Accesso negato: 'dashboard_data.json.tmp' -> 'dashboard_data.json'
[2026-02-15 15:03:59] [ERROR] Errore elaborazione messaggio: [WinError 5] Accesso negato: 'dashboard_data.json.tmp' -> 'dashboard_data.json'
[2026-02-15 15:03:59] [ERROR] Errore elaborazione messaggio: [WinError 5] Accesso negato: 'dashboard_data.json.tmp' -> 'dashboard_data.json'
[2026-02-15 15:04:00] [DEBUG] [1100] Blink: 9 | Stress: 35 | Parlato: False | Buffer: 300
[2026-02-15 15:04:07] [DEBUG] [1200] Blink: 17 | Stress: 65 | Parlato: False | Buffer: 300
[2026-02-15 15:04:09] [ERROR] Errore elaborazione messaggio: [WinError 5] Accesso negato: 'dashboard_data.json.tmp' -> 'dashboard_data.json'
[2026-02-15 15:04:10] [ERROR] Errore elaborazione messaggio: [WinError 5] Accesso negato: 'dashboard_data.json.tmp' -> 'dashboard_data.json'
[2026-02-15 15:04:15] [DEBUG] [1300] Blink: 21 | Stress: 65 | Parlato: False | Buffer: 300
[2026-02-15 15:05:17] [DEBUG] [1400] Blink: 0 | Stress: 10 | Parlato: True | Buffer: 300
[2026-02-15 15:05:23] [ERROR] Errore elaborazione messaggio: [WinError 5] Accesso negato: 'dashboard_data.json.tmp' -> 'dashboard_data.json'
[2026-02-15 15:05:25] [DEBUG] [1500] Blink: 3 | Stress: 23 | Parlato: False | Buffer: 300
[2026-02-15 15:05:27] [ERROR] Errore elaborazione messaggio: [WinError 5] Accesso negato: 'dashboard_data.json.tmp' -> 'dashboard_data.json'
[2026-02-15 15:05:29] [ERROR] Errore elaborazione messaggio: [WinError 5] Accesso negato: 'dashboard_data.json.tmp' -> 'dashboard_data.json'
[2026-02-15 15:24:02] [INFO] Worker fermato manualmente
[2026-02-15 15:24:02] [INFO] Worker terminato. Messaggi: 1574, Errori: 13
[2026-02-15 15:24:05] [INFO] Worker Analytics avviato correttamente
[2026-02-15 15:24:52] [ERROR] Errore elaborazione messaggio: [WinError 5] Accesso negato: 'dashboard_data.json.tmp' -> 'dashboard_data.json'
[2026-02-15 15:25:42] [INFO] Worker fermato manualmente
[2026-02-15 15:25:42] [INFO] Worker terminato. Messaggi: 77, Errori: 1
[2026-02-15 15:26:25] [INFO] Worker Analytics avviato correttamente
[2026-02-15 15:26:44] [DEBUG] [100] Blink: 6 | Stress: 65 | Parlato: False | Buffer: 100
[2026-02-15 15:28:29] [INFO] Worker fermato manualmente
[2026-02-15 15:28:29] [INFO] Worker terminato. Messaggi: 183, Errori: 0
[2026-02-15 15:33:30] [INFO] Worker Analytics avviato correttamente
[2026-02-15 15:33:34] [DEBUG] [100] Blink: 2 | Stress: 25 | Parlato: False | Buffer: 100
[2026-02-15 15:33:34] [DEBUG] [200] Blink: 4 | Stress: 45 | Parlato: False | Buffer: 200
[2026-02-15 15:33:35] [DEBUG] [300] Blink: 5 | Stress: 45 | Parlato: False | Buffer: 300
[2026-02-15 15:33:35] [DEBUG] [400] Blink: 1 | Stress: 35 | Parlato: False | Buffer: 300
[2026-02-15 15:33:50] [INFO] Worker fermato manualmente
[2026-02-15 15:33:50] [INFO] Worker terminato. Messaggi: 475, Errori: 0
[2026-02-15 15:33:54] [INFO] Worker Analytics avviato correttamente
[2026-02-15 15:34:21] [DEBUG] [100] Blink: 5 | Stress: 70 | Parlato: False | Buffer: 100
[2026-02-15 15:34:27] [DEBUG] [200] Blink: 10 | Stress: 70 | Parlato: False | Buffer: 200
[2026-02-15 15:34:34] [DEBUG] [300] Blink: 18 | Stress: 70 | Parlato: False | Buffer: 300
[2026-02-15 15:35:08] [INFO] Worker fermato manualmente
[2026-02-15 15:35:08] [INFO] Worker terminato. Messaggi: 359, Errori: 0
